\BOOKMARK [1][-]{section.1}{Introduction}{}% 1
\BOOKMARK [2][-]{subsection.1.1}{Computer Vision}{section.1}% 2
\BOOKMARK [2][-]{subsection.1.2}{High Performance Computer Vision}{section.1}% 3
\BOOKMARK [2][-]{subsection.1.3}{Potential Use Cases}{section.1}% 4
\BOOKMARK [2][-]{subsection.1.4}{Where's Wally? as a Test Case}{section.1}% 5
\BOOKMARK [2][-]{subsection.1.5}{Goals}{section.1}% 6
\BOOKMARK [2][-]{subsection.1.6}{Overview of Report}{section.1}% 7
\BOOKMARK [1][-]{section.2}{Background Information}{}% 8
\BOOKMARK [2][-]{subsection.2.1}{Parallel Programming}{section.2}% 9
\BOOKMARK [2][-]{subsection.2.2}{Shared Memory Parallelism}{section.2}% 10
\BOOKMARK [2][-]{subsection.2.3}{Computer Vision Libraries}{section.2}% 11
\BOOKMARK [2][-]{subsection.2.4}{Parallel Computer Vision}{section.2}% 12
\BOOKMARK [2][-]{subsection.2.5}{Parallel Image Recognition}{section.2}% 13
\BOOKMARK [2][-]{subsection.2.6}{Shape and Colour Analysis}{section.2}% 14
\BOOKMARK [2][-]{subsection.2.7}{Feature Analysis}{section.2}% 15
\BOOKMARK [1][-]{section.3}{Literature Review}{}% 16
\BOOKMARK [2][-]{subsection.3.1}{Shape and Colour Analysis}{section.3}% 17
\BOOKMARK [2][-]{subsection.3.2}{Feature Recognition}{section.3}% 18
\BOOKMARK [1][-]{section.4}{Colour Analysis}{}% 19
\BOOKMARK [2][-]{subsection.4.1}{Function: get\137colour\137in\137image}{section.4}% 20
\BOOKMARK [2][-]{subsection.4.2}{Function: get\137greyscale\137in\137image}{section.4}% 21
\BOOKMARK [2][-]{subsection.4.3}{Function: find\137regions\137from\137mask}{section.4}% 22
\BOOKMARK [1][-]{section.5}{Line Width Estimation}{}% 23
\BOOKMARK [2][-]{subsection.5.1}{Average Distance to a Zero Valued Pixel}{section.5}% 24
\BOOKMARK [2][-]{subsection.5.2}{Standard Deviation in Distance to Zero Valued Pixels}{section.5}% 25
\BOOKMARK [2][-]{subsection.5.3}{Combining the Methods}{section.5}% 26
\BOOKMARK [2][-]{subsection.5.4}{Testing}{section.5}% 27
\BOOKMARK [2][-]{subsection.5.5}{Parallelism}{section.5}% 28
\BOOKMARK [1][-]{section.6}{Red and White}{}% 29
\BOOKMARK [2][-]{subsection.6.1}{Implementation}{section.6}% 30
\BOOKMARK [2][-]{subsection.6.2}{Weaknesses}{section.6}% 31
\BOOKMARK [2][-]{subsection.6.3}{Testing}{section.6}% 32
\BOOKMARK [2][-]{subsection.6.4}{Parallelism}{section.6}% 33
\BOOKMARK [1][-]{section.7}{Implementation}{}% 34
\BOOKMARK [1][-]{section.8}{Results}{}% 35
\BOOKMARK [1][-]{section.9}{Conclusion and Evaluation}{}% 36
